<?xml version="1.0" encoding="UTF-8"?>
<!-- Generated by org.testng.reporters.JUnitXMLReporter -->
<testsuite ignored="1" hostname="DESKTOP-MVNG6IB" failures="0" tests="1" name="opencarttest" time="4.859" errors="0" timestamp="2026-02-25T10:41:58 IST">
  <testcase classname="testcases.Registrationtest" name="verify_account_registration" time="2.102"/>
  <testcase classname="testcases.Logintest" name="clicklogin" time="0.0">
    <ignored/>
  </testcase> <!-- clicklogin -->
</testsuite> <!-- opencarttest -->
